2019-03-24 13:12:40,242 INFO 3680 [egg-schedule]: register schedule C:\Users\lixiao\Desktop\pwademo\node_modules\egg-logrotator\app\schedule\clean_log.js
2019-03-24 13:12:40,242 INFO 3680 [egg-schedule]: register schedule C:\Users\lixiao\Desktop\pwademo\node_modules\egg-logrotator\app\schedule\rotate_by_file.js
2019-03-24 13:12:40,442 INFO 12884 [Timer] C:\Users\lixiao\Desktop\pwademo\node_modules\egg-logrotator\app\schedule\clean_log.js next time will execute after 38839561ms at 2019-03-25 00:00:00.003
2019-03-24 13:12:40,442 INFO 12884 [Timer] C:\Users\lixiao\Desktop\pwademo\node_modules\egg-logrotator\app\schedule\rotate_by_file.js next time will execute after 38840558ms at 2019-03-25 00:00:01.000
2019-03-24 16:15:59,651 INFO 23832 [egg-schedule]: register schedule C:\Users\lixiao\Desktop\pwademo\node_modules\egg-logrotator\app\schedule\clean_log.js
2019-03-24 16:15:59,651 INFO 23832 [egg-schedule]: register schedule C:\Users\lixiao\Desktop\pwademo\node_modules\egg-logrotator\app\schedule\rotate_by_file.js
2019-03-24 16:16:08,679 INFO 22804 [egg-schedule]: register schedule C:\Users\lixiao\Desktop\pwademo\node_modules\egg-logrotator\app\schedule\clean_log.js
2019-03-24 16:16:08,679 INFO 22804 [egg-schedule]: register schedule C:\Users\lixiao\Desktop\pwademo\node_modules\egg-logrotator\app\schedule\rotate_by_file.js
2019-03-24 16:16:19,175 INFO 22568 [egg-schedule]: register schedule C:\Users\lixiao\Desktop\pwademo\node_modules\egg-logrotator\app\schedule\clean_log.js
2019-03-24 16:16:19,175 INFO 22568 [egg-schedule]: register schedule C:\Users\lixiao\Desktop\pwademo\node_modules\egg-logrotator\app\schedule\rotate_by_file.js
2019-03-24 16:16:36,123 INFO 22892 [egg-schedule]: register schedule C:\Users\lixiao\Desktop\pwademo\node_modules\egg-logrotator\app\schedule\clean_log.js
2019-03-24 16:16:36,123 INFO 22892 [egg-schedule]: register schedule C:\Users\lixiao\Desktop\pwademo\node_modules\egg-logrotator\app\schedule\rotate_by_file.js
2019-03-24 16:16:42,990 INFO 21740 [egg-schedule]: register schedule C:\Users\lixiao\Desktop\pwademo\node_modules\egg-logrotator\app\schedule\clean_log.js
2019-03-24 16:16:42,990 INFO 21740 [egg-schedule]: register schedule C:\Users\lixiao\Desktop\pwademo\node_modules\egg-logrotator\app\schedule\rotate_by_file.js
2019-03-24 16:19:25,558 INFO 21648 [egg-schedule]: register schedule C:\Users\lixiao\Desktop\pwademo\node_modules\egg-logrotator\app\schedule\clean_log.js
2019-03-24 16:19:25,558 INFO 21648 [egg-schedule]: register schedule C:\Users\lixiao\Desktop\pwademo\node_modules\egg-logrotator\app\schedule\rotate_by_file.js
2019-03-24 16:19:44,567 INFO 8828 [egg-schedule]: register schedule C:\Users\lixiao\Desktop\pwademo\node_modules\egg-logrotator\app\schedule\clean_log.js
2019-03-24 16:19:44,567 INFO 8828 [egg-schedule]: register schedule C:\Users\lixiao\Desktop\pwademo\node_modules\egg-logrotator\app\schedule\rotate_by_file.js
2019-03-24 16:28:27,943 INFO 22348 [egg-schedule]: register schedule C:\Users\lixiao\Desktop\pwademo\node_modules\egg-logrotator\app\schedule\clean_log.js
2019-03-24 16:28:27,943 INFO 22348 [egg-schedule]: register schedule C:\Users\lixiao\Desktop\pwademo\node_modules\egg-logrotator\app\schedule\rotate_by_file.js
2019-03-24 16:29:36,886 INFO 17752 [Timer] C:\Users\lixiao\Desktop\pwademo\node_modules\egg-logrotator\app\schedule\clean_log.js next time will execute after 27023114ms at 2019-03-25 00:00:00.000
2019-03-24 16:29:36,886 INFO 17752 [Timer] C:\Users\lixiao\Desktop\pwademo\node_modules\egg-logrotator\app\schedule\rotate_by_file.js next time will execute after 27024114ms at 2019-03-25 00:00:01.000
2019-03-24 16:29:36,730 INFO 8724 [egg-schedule]: register schedule C:\Users\lixiao\Desktop\pwademo\node_modules\egg-logrotator\app\schedule\clean_log.js
2019-03-24 16:29:36,730 INFO 8724 [egg-schedule]: register schedule C:\Users\lixiao\Desktop\pwademo\node_modules\egg-logrotator\app\schedule\rotate_by_file.js
2019-03-24 16:32:11,614 INFO 14748 [egg-schedule]: register schedule C:\Users\lixiao\Desktop\pwademo\node_modules\egg-logrotator\app\schedule\clean_log.js
2019-03-24 16:32:11,614 INFO 14748 [egg-schedule]: register schedule C:\Users\lixiao\Desktop\pwademo\node_modules\egg-logrotator\app\schedule\rotate_by_file.js
2019-03-24 16:32:11,809 INFO 16380 [Timer] C:\Users\lixiao\Desktop\pwademo\node_modules\egg-logrotator\app\schedule\clean_log.js next time will execute after 26868193ms at 2019-03-25 00:00:00.002
2019-03-24 16:32:11,810 INFO 16380 [Timer] C:\Users\lixiao\Desktop\pwademo\node_modules\egg-logrotator\app\schedule\rotate_by_file.js next time will execute after 26869190ms at 2019-03-25 00:00:01.000
2019-03-24 16:56:18,010 INFO 11848 [Timer] C:\Users\lixiao\Desktop\pwademo\node_modules\egg-logrotator\app\schedule\clean_log.js next time will execute after 25421992ms at 2019-03-25 00:00:00.002
2019-03-24 16:56:18,010 INFO 11848 [Timer] C:\Users\lixiao\Desktop\pwademo\node_modules\egg-logrotator\app\schedule\rotate_by_file.js next time will execute after 25422990ms at 2019-03-25 00:00:01.000
2019-03-24 16:56:17,851 INFO 16788 [egg-schedule]: register schedule C:\Users\lixiao\Desktop\pwademo\node_modules\egg-logrotator\app\schedule\clean_log.js
2019-03-24 16:56:17,851 INFO 16788 [egg-schedule]: register schedule C:\Users\lixiao\Desktop\pwademo\node_modules\egg-logrotator\app\schedule\rotate_by_file.js
2019-03-24 17:13:58,238 INFO 24528 [egg-schedule]: register schedule C:\Users\lixiao\Desktop\pwademo\node_modules\egg-logrotator\app\schedule\clean_log.js
2019-03-24 17:13:58,238 INFO 24528 [egg-schedule]: register schedule C:\Users\lixiao\Desktop\pwademo\node_modules\egg-logrotator\app\schedule\rotate_by_file.js
2019-03-24 17:21:25,961 INFO 5576 [egg-schedule]: register schedule C:\Users\lixiao\Desktop\pwademo\node_modules\egg-logrotator\app\schedule\clean_log.js
2019-03-24 17:21:25,961 INFO 5576 [egg-schedule]: register schedule C:\Users\lixiao\Desktop\pwademo\node_modules\egg-logrotator\app\schedule\rotate_by_file.js
2019-03-24 17:21:26,164 INFO 4728 [Timer] C:\Users\lixiao\Desktop\pwademo\node_modules\egg-logrotator\app\schedule\clean_log.js next time will execute after 23913836ms at 2019-03-25 00:00:00.000
2019-03-24 17:21:26,164 INFO 4728 [Timer] C:\Users\lixiao\Desktop\pwademo\node_modules\egg-logrotator\app\schedule\rotate_by_file.js next time will execute after 23914836ms at 2019-03-25 00:00:01.000
2019-03-24 17:26:15,080 INFO 20204 [egg-schedule]: register schedule C:\Users\lixiao\Desktop\pwademo\node_modules\egg-logrotator\app\schedule\clean_log.js
2019-03-24 17:26:15,080 INFO 20204 [egg-schedule]: register schedule C:\Users\lixiao\Desktop\pwademo\node_modules\egg-logrotator\app\schedule\rotate_by_file.js
2019-03-24 17:27:23,462 INFO 25156 [egg-schedule]: register schedule C:\Users\lixiao\Desktop\pwademo\node_modules\egg-logrotator\app\schedule\clean_log.js
2019-03-24 17:27:23,462 INFO 25156 [egg-schedule]: register schedule C:\Users\lixiao\Desktop\pwademo\node_modules\egg-logrotator\app\schedule\rotate_by_file.js
2019-03-24 17:29:47,323 INFO 21632 [egg-schedule]: register schedule C:\Users\lixiao\Desktop\pwademo\node_modules\egg-logrotator\app\schedule\clean_log.js
2019-03-24 17:29:47,323 INFO 21632 [egg-schedule]: register schedule C:\Users\lixiao\Desktop\pwademo\node_modules\egg-logrotator\app\schedule\rotate_by_file.js
2019-03-24 17:31:38,993 INFO 14956 [Timer] C:\Users\lixiao\Desktop\pwademo\node_modules\egg-logrotator\app\schedule\clean_log.js next time will execute after 23301009ms at 2019-03-25 00:00:00.002
2019-03-24 17:31:38,993 INFO 14956 [Timer] C:\Users\lixiao\Desktop\pwademo\node_modules\egg-logrotator\app\schedule\rotate_by_file.js next time will execute after 23302007ms at 2019-03-25 00:00:01.000
2019-03-24 17:31:38,823 INFO 25248 [egg-schedule]: register schedule C:\Users\lixiao\Desktop\pwademo\node_modules\egg-logrotator\app\schedule\clean_log.js
2019-03-24 17:31:38,823 INFO 25248 [egg-schedule]: register schedule C:\Users\lixiao\Desktop\pwademo\node_modules\egg-logrotator\app\schedule\rotate_by_file.js
2019-03-24 17:44:45,053 INFO 24616 [egg-schedule]: register schedule C:\Users\lixiao\Desktop\pwademo\node_modules\egg-logrotator\app\schedule\clean_log.js
2019-03-24 17:44:45,053 INFO 24616 [egg-schedule]: register schedule C:\Users\lixiao\Desktop\pwademo\node_modules\egg-logrotator\app\schedule\rotate_by_file.js
2019-03-24 17:44:54,134 INFO 16380 [egg-schedule]: register schedule C:\Users\lixiao\Desktop\pwademo\node_modules\egg-logrotator\app\schedule\clean_log.js
2019-03-24 17:44:54,134 INFO 16380 [egg-schedule]: register schedule C:\Users\lixiao\Desktop\pwademo\node_modules\egg-logrotator\app\schedule\rotate_by_file.js
2019-03-24 17:45:10,964 INFO 24812 [egg-schedule]: register schedule C:\Users\lixiao\Desktop\pwademo\node_modules\egg-logrotator\app\schedule\clean_log.js
2019-03-24 17:45:10,964 INFO 24812 [egg-schedule]: register schedule C:\Users\lixiao\Desktop\pwademo\node_modules\egg-logrotator\app\schedule\rotate_by_file.js
2019-03-24 17:46:33,553 INFO 9924 [egg-schedule]: register schedule C:\Users\lixiao\Desktop\pwademo\node_modules\egg-logrotator\app\schedule\clean_log.js
2019-03-24 17:46:33,553 INFO 9924 [egg-schedule]: register schedule C:\Users\lixiao\Desktop\pwademo\node_modules\egg-logrotator\app\schedule\rotate_by_file.js
2019-03-24 17:48:19,047 INFO 23484 [egg-schedule]: register schedule C:\Users\lixiao\Desktop\pwademo\node_modules\egg-logrotator\app\schedule\clean_log.js
2019-03-24 17:48:19,047 INFO 23484 [egg-schedule]: register schedule C:\Users\lixiao\Desktop\pwademo\node_modules\egg-logrotator\app\schedule\rotate_by_file.js
2019-03-24 20:44:47,973 INFO 12740 [egg-schedule]: register schedule C:\Users\lixiao\Desktop\pwademo\node_modules\egg-logrotator\app\schedule\clean_log.js
2019-03-24 20:44:47,973 INFO 12740 [egg-schedule]: register schedule C:\Users\lixiao\Desktop\pwademo\node_modules\egg-logrotator\app\schedule\rotate_by_file.js
2019-03-24 20:44:48,182 INFO 12908 [Timer] C:\Users\lixiao\Desktop\pwademo\node_modules\egg-logrotator\app\schedule\clean_log.js next time will execute after 11711820ms at 2019-03-25 00:00:00.002
2019-03-24 20:44:48,183 INFO 12908 [Timer] C:\Users\lixiao\Desktop\pwademo\node_modules\egg-logrotator\app\schedule\rotate_by_file.js next time will execute after 11712817ms at 2019-03-25 00:00:01.000
2019-03-24 21:09:25,320 INFO 2392 [Timer] C:\Users\lixiao\Desktop\pwademo\node_modules\egg-logrotator\app\schedule\clean_log.js next time will execute after 10234680ms at 2019-03-25 00:00:00.000
2019-03-24 21:09:25,320 INFO 2392 [Timer] C:\Users\lixiao\Desktop\pwademo\node_modules\egg-logrotator\app\schedule\rotate_by_file.js next time will execute after 10235680ms at 2019-03-25 00:00:01.000
2019-03-24 21:09:25,117 INFO 5456 [egg-schedule]: register schedule C:\Users\lixiao\Desktop\pwademo\node_modules\egg-logrotator\app\schedule\clean_log.js
2019-03-24 21:09:25,117 INFO 5456 [egg-schedule]: register schedule C:\Users\lixiao\Desktop\pwademo\node_modules\egg-logrotator\app\schedule\rotate_by_file.js
2019-03-24 21:18:49,173 INFO 2184 [egg-schedule]: register schedule C:\Users\lixiao\Desktop\pwademo\node_modules\egg-logrotator\app\schedule\clean_log.js
2019-03-24 21:18:49,173 INFO 2184 [egg-schedule]: register schedule C:\Users\lixiao\Desktop\pwademo\node_modules\egg-logrotator\app\schedule\rotate_by_file.js
2019-03-24 21:18:49,413 INFO 3344 [Timer] C:\Users\lixiao\Desktop\pwademo\node_modules\egg-logrotator\app\schedule\clean_log.js next time will execute after 9670589ms at 2019-03-25 00:00:00.002
2019-03-24 21:18:49,414 INFO 3344 [Timer] C:\Users\lixiao\Desktop\pwademo\node_modules\egg-logrotator\app\schedule\rotate_by_file.js next time will execute after 9671587ms at 2019-03-25 00:00:01.001
2019-03-24 21:27:09,763 INFO 3268 [egg-schedule]: register schedule C:\Users\lixiao\Desktop\pwademo\node_modules\egg-logrotator\app\schedule\clean_log.js
2019-03-24 21:27:09,763 INFO 3268 [egg-schedule]: register schedule C:\Users\lixiao\Desktop\pwademo\node_modules\egg-logrotator\app\schedule\rotate_by_file.js
2019-03-24 21:28:19,073 INFO 7408 [egg-schedule]: register schedule C:\Users\lixiao\Desktop\pwademo\node_modules\egg-logrotator\app\schedule\clean_log.js
2019-03-24 21:28:19,073 INFO 7408 [egg-schedule]: register schedule C:\Users\lixiao\Desktop\pwademo\node_modules\egg-logrotator\app\schedule\rotate_by_file.js
2019-03-24 21:30:36,538 INFO 2212 [egg-schedule]: register schedule C:\Users\lixiao\Desktop\pwademo\node_modules\egg-logrotator\app\schedule\clean_log.js
2019-03-24 21:30:36,538 INFO 2212 [egg-schedule]: register schedule C:\Users\lixiao\Desktop\pwademo\node_modules\egg-logrotator\app\schedule\rotate_by_file.js
2019-03-24 21:30:43,732 INFO 13308 [egg-schedule]: register schedule C:\Users\lixiao\Desktop\pwademo\node_modules\egg-logrotator\app\schedule\clean_log.js
2019-03-24 21:30:43,732 INFO 13308 [egg-schedule]: register schedule C:\Users\lixiao\Desktop\pwademo\node_modules\egg-logrotator\app\schedule\rotate_by_file.js
2019-03-24 21:32:11,017 INFO 9184 [egg-schedule]: register schedule C:\Users\lixiao\Desktop\pwademo\node_modules\egg-logrotator\app\schedule\clean_log.js
2019-03-24 21:32:11,017 INFO 9184 [egg-schedule]: register schedule C:\Users\lixiao\Desktop\pwademo\node_modules\egg-logrotator\app\schedule\rotate_by_file.js
2019-03-24 21:33:00,415 INFO 6156 [egg-schedule]: register schedule C:\Users\lixiao\Desktop\pwademo\node_modules\egg-logrotator\app\schedule\clean_log.js
2019-03-24 21:33:00,415 INFO 6156 [egg-schedule]: register schedule C:\Users\lixiao\Desktop\pwademo\node_modules\egg-logrotator\app\schedule\rotate_by_file.js
2019-03-24 21:36:53,634 INFO 10772 [egg-schedule]: register schedule C:\Users\lixiao\Desktop\pwademo\node_modules\egg-logrotator\app\schedule\clean_log.js
2019-03-24 21:36:53,635 INFO 10772 [egg-schedule]: register schedule C:\Users\lixiao\Desktop\pwademo\node_modules\egg-logrotator\app\schedule\rotate_by_file.js
2019-03-24 21:37:00,803 INFO 6052 [egg-schedule]: register schedule C:\Users\lixiao\Desktop\pwademo\node_modules\egg-logrotator\app\schedule\clean_log.js
2019-03-24 21:37:00,803 INFO 6052 [egg-schedule]: register schedule C:\Users\lixiao\Desktop\pwademo\node_modules\egg-logrotator\app\schedule\rotate_by_file.js
2019-03-24 21:38:21,468 INFO 4116 [Timer] C:\Users\lixiao\Desktop\pwademo\node_modules\egg-logrotator\app\schedule\clean_log.js next time will execute after 8498532ms at 2019-03-25 00:00:00.000
2019-03-24 21:38:21,468 INFO 4116 [Timer] C:\Users\lixiao\Desktop\pwademo\node_modules\egg-logrotator\app\schedule\rotate_by_file.js next time will execute after 8499532ms at 2019-03-25 00:00:01.000
2019-03-24 21:38:21,187 INFO 7420 [egg-schedule]: register schedule C:\Users\lixiao\Desktop\pwademo\node_modules\egg-logrotator\app\schedule\clean_log.js
2019-03-24 21:38:21,187 INFO 7420 [egg-schedule]: register schedule C:\Users\lixiao\Desktop\pwademo\node_modules\egg-logrotator\app\schedule\rotate_by_file.js
2019-03-24 21:39:26,383 INFO 1148 [egg-schedule]: register schedule C:\Users\lixiao\Desktop\pwademo\node_modules\egg-logrotator\app\schedule\clean_log.js
2019-03-24 21:39:26,383 INFO 1148 [egg-schedule]: register schedule C:\Users\lixiao\Desktop\pwademo\node_modules\egg-logrotator\app\schedule\rotate_by_file.js
2019-03-24 21:40:25,845 INFO 9200 [egg-schedule]: register schedule C:\Users\lixiao\Desktop\pwademo\node_modules\egg-logrotator\app\schedule\clean_log.js
2019-03-24 21:40:25,845 INFO 9200 [egg-schedule]: register schedule C:\Users\lixiao\Desktop\pwademo\node_modules\egg-logrotator\app\schedule\rotate_by_file.js
2019-03-24 21:40:26,114 INFO 13200 [Timer] C:\Users\lixiao\Desktop\pwademo\node_modules\egg-logrotator\app\schedule\clean_log.js next time will execute after 8373888ms at 2019-03-25 00:00:00.002
2019-03-24 21:40:26,115 INFO 13200 [Timer] C:\Users\lixiao\Desktop\pwademo\node_modules\egg-logrotator\app\schedule\rotate_by_file.js next time will execute after 8374886ms at 2019-03-25 00:00:01.001
2019-03-24 21:42:05,615 INFO 7016 [egg-schedule]: register schedule C:\Users\lixiao\Desktop\pwademo\node_modules\egg-logrotator\app\schedule\clean_log.js
2019-03-24 21:42:05,615 INFO 7016 [egg-schedule]: register schedule C:\Users\lixiao\Desktop\pwademo\node_modules\egg-logrotator\app\schedule\rotate_by_file.js
2019-03-24 21:42:09,324 INFO 12548 [egg-schedule]: register schedule C:\Users\lixiao\Desktop\pwademo\node_modules\egg-logrotator\app\schedule\clean_log.js
2019-03-24 21:42:09,324 INFO 12548 [egg-schedule]: register schedule C:\Users\lixiao\Desktop\pwademo\node_modules\egg-logrotator\app\schedule\rotate_by_file.js
2019-03-24 21:42:16,313 INFO 2972 [egg-schedule]: register schedule C:\Users\lixiao\Desktop\pwademo\node_modules\egg-logrotator\app\schedule\clean_log.js
2019-03-24 21:42:16,313 INFO 2972 [egg-schedule]: register schedule C:\Users\lixiao\Desktop\pwademo\node_modules\egg-logrotator\app\schedule\rotate_by_file.js
2019-03-24 21:43:58,229 INFO 6636 [Timer] C:\Users\lixiao\Desktop\pwademo\node_modules\egg-logrotator\app\schedule\clean_log.js next time will execute after 8161786ms at 2019-03-25 00:00:00.015
2019-03-24 21:43:58,229 INFO 6636 [Timer] C:\Users\lixiao\Desktop\pwademo\node_modules\egg-logrotator\app\schedule\rotate_by_file.js next time will execute after 8162771ms at 2019-03-25 00:00:01.000
2019-03-24 21:43:58,010 INFO 5352 [egg-schedule]: register schedule C:\Users\lixiao\Desktop\pwademo\node_modules\egg-logrotator\app\schedule\clean_log.js
2019-03-24 21:43:58,010 INFO 5352 [egg-schedule]: register schedule C:\Users\lixiao\Desktop\pwademo\node_modules\egg-logrotator\app\schedule\rotate_by_file.js
2019-03-25 10:15:02,104 INFO 79763 [egg-schedule]: register schedule /Users/lixiao/Desktop/pwademo/node_modules/egg-logrotator/app/schedule/clean_log.js
2019-03-25 10:15:02,104 INFO 79763 [egg-schedule]: register schedule /Users/lixiao/Desktop/pwademo/node_modules/egg-logrotator/app/schedule/rotate_by_file.js
2019-03-25 10:15:02,355 INFO 79762 [Timer] /Users/lixiao/Desktop/pwademo/node_modules/egg-logrotator/app/schedule/clean_log.js next time will execute after 49497649ms at 2019-03-26 00:00:00.004
2019-03-25 10:15:02,355 INFO 79762 [Timer] /Users/lixiao/Desktop/pwademo/node_modules/egg-logrotator/app/schedule/rotate_by_file.js next time will execute after 49498645ms at 2019-03-26 00:00:01.000
2019-03-25 10:18:15,074 INFO 79803 [egg-schedule]: register schedule /Users/lixiao/Desktop/pwademo/node_modules/egg-logrotator/app/schedule/clean_log.js
2019-03-25 10:18:15,074 INFO 79803 [egg-schedule]: register schedule /Users/lixiao/Desktop/pwademo/node_modules/egg-logrotator/app/schedule/rotate_by_file.js
2019-03-25 10:35:03,253 INFO 79826 [egg-schedule]: register schedule /Users/lixiao/Desktop/pwademo/node_modules/egg-logrotator/app/schedule/clean_log.js
2019-03-25 10:35:03,253 INFO 79826 [egg-schedule]: register schedule /Users/lixiao/Desktop/pwademo/node_modules/egg-logrotator/app/schedule/rotate_by_file.js
2019-03-25 10:35:32,909 INFO 79827 [egg-schedule]: register schedule /Users/lixiao/Desktop/pwademo/node_modules/egg-logrotator/app/schedule/clean_log.js
2019-03-25 10:35:32,909 INFO 79827 [egg-schedule]: register schedule /Users/lixiao/Desktop/pwademo/node_modules/egg-logrotator/app/schedule/rotate_by_file.js
2019-03-25 10:35:42,483 INFO 79828 [egg-schedule]: register schedule /Users/lixiao/Desktop/pwademo/node_modules/egg-logrotator/app/schedule/clean_log.js
2019-03-25 10:35:42,483 INFO 79828 [egg-schedule]: register schedule /Users/lixiao/Desktop/pwademo/node_modules/egg-logrotator/app/schedule/rotate_by_file.js
2019-03-25 10:35:54,216 INFO 79829 [egg-schedule]: register schedule /Users/lixiao/Desktop/pwademo/node_modules/egg-logrotator/app/schedule/clean_log.js
2019-03-25 10:35:54,216 INFO 79829 [egg-schedule]: register schedule /Users/lixiao/Desktop/pwademo/node_modules/egg-logrotator/app/schedule/rotate_by_file.js
2019-03-25 10:35:57,770 INFO 79830 [egg-schedule]: register schedule /Users/lixiao/Desktop/pwademo/node_modules/egg-logrotator/app/schedule/clean_log.js
2019-03-25 10:35:57,770 INFO 79830 [egg-schedule]: register schedule /Users/lixiao/Desktop/pwademo/node_modules/egg-logrotator/app/schedule/rotate_by_file.js
2019-03-25 11:17:14,915 INFO 79917 [egg-schedule]: register schedule /Users/lixiao/Desktop/pwademo/node_modules/egg-logrotator/app/schedule/clean_log.js
2019-03-25 11:17:14,915 INFO 79917 [egg-schedule]: register schedule /Users/lixiao/Desktop/pwademo/node_modules/egg-logrotator/app/schedule/rotate_by_file.js
2019-03-25 11:17:20,033 INFO 79918 [egg-schedule]: register schedule /Users/lixiao/Desktop/pwademo/node_modules/egg-logrotator/app/schedule/clean_log.js
2019-03-25 11:17:20,033 INFO 79918 [egg-schedule]: register schedule /Users/lixiao/Desktop/pwademo/node_modules/egg-logrotator/app/schedule/rotate_by_file.js
2019-03-25 11:30:57,220 INFO 79964 [egg-schedule]: register schedule /Users/lixiao/Desktop/pwademo/node_modules/egg-logrotator/app/schedule/clean_log.js
2019-03-25 11:30:57,220 INFO 79964 [egg-schedule]: register schedule /Users/lixiao/Desktop/pwademo/node_modules/egg-logrotator/app/schedule/rotate_by_file.js
2019-03-25 11:32:14,228 INFO 79965 [egg-schedule]: register schedule /Users/lixiao/Desktop/pwademo/node_modules/egg-logrotator/app/schedule/clean_log.js
2019-03-25 11:32:14,229 INFO 79965 [egg-schedule]: register schedule /Users/lixiao/Desktop/pwademo/node_modules/egg-logrotator/app/schedule/rotate_by_file.js
2019-03-25 11:32:32,504 INFO 79966 [egg-schedule]: register schedule /Users/lixiao/Desktop/pwademo/node_modules/egg-logrotator/app/schedule/clean_log.js
2019-03-25 11:32:32,504 INFO 79966 [egg-schedule]: register schedule /Users/lixiao/Desktop/pwademo/node_modules/egg-logrotator/app/schedule/rotate_by_file.js
2019-03-25 11:32:35,257 INFO 79967 [egg-schedule]: register schedule /Users/lixiao/Desktop/pwademo/node_modules/egg-logrotator/app/schedule/clean_log.js
2019-03-25 11:32:35,258 INFO 79967 [egg-schedule]: register schedule /Users/lixiao/Desktop/pwademo/node_modules/egg-logrotator/app/schedule/rotate_by_file.js
2019-03-25 11:32:47,718 INFO 79968 [egg-schedule]: register schedule /Users/lixiao/Desktop/pwademo/node_modules/egg-logrotator/app/schedule/clean_log.js
2019-03-25 11:32:47,718 INFO 79968 [egg-schedule]: register schedule /Users/lixiao/Desktop/pwademo/node_modules/egg-logrotator/app/schedule/rotate_by_file.js
2019-03-25 11:33:02,956 INFO 79971 [egg-schedule]: register schedule /Users/lixiao/Desktop/pwademo/node_modules/egg-logrotator/app/schedule/clean_log.js
2019-03-25 11:33:02,956 INFO 79971 [egg-schedule]: register schedule /Users/lixiao/Desktop/pwademo/node_modules/egg-logrotator/app/schedule/rotate_by_file.js
2019-03-25 11:33:13,341 INFO 79972 [egg-schedule]: register schedule /Users/lixiao/Desktop/pwademo/node_modules/egg-logrotator/app/schedule/clean_log.js
2019-03-25 11:33:13,342 INFO 79972 [egg-schedule]: register schedule /Users/lixiao/Desktop/pwademo/node_modules/egg-logrotator/app/schedule/rotate_by_file.js
2019-03-25 11:33:36,159 INFO 79973 [egg-schedule]: register schedule /Users/lixiao/Desktop/pwademo/node_modules/egg-logrotator/app/schedule/clean_log.js
2019-03-25 11:33:36,159 INFO 79973 [egg-schedule]: register schedule /Users/lixiao/Desktop/pwademo/node_modules/egg-logrotator/app/schedule/rotate_by_file.js
2019-03-25 11:33:43,060 INFO 79974 [egg-schedule]: register schedule /Users/lixiao/Desktop/pwademo/node_modules/egg-logrotator/app/schedule/clean_log.js
2019-03-25 11:33:43,060 INFO 79974 [egg-schedule]: register schedule /Users/lixiao/Desktop/pwademo/node_modules/egg-logrotator/app/schedule/rotate_by_file.js
2019-03-25 13:40:07,195 INFO 80180 [egg-schedule]: register schedule /Users/lixiao/Desktop/pwademo/node_modules/egg-logrotator/app/schedule/clean_log.js
2019-03-25 13:40:07,195 INFO 80180 [egg-schedule]: register schedule /Users/lixiao/Desktop/pwademo/node_modules/egg-logrotator/app/schedule/rotate_by_file.js
2019-03-25 13:40:07,402 INFO 80179 [Timer] /Users/lixiao/Desktop/pwademo/node_modules/egg-logrotator/app/schedule/clean_log.js next time will execute after 37192601ms at 2019-03-26 00:00:00.003
2019-03-25 13:40:07,403 INFO 80179 [Timer] /Users/lixiao/Desktop/pwademo/node_modules/egg-logrotator/app/schedule/rotate_by_file.js next time will execute after 37193598ms at 2019-03-26 00:00:01.001
2019-03-25 13:40:30,441 INFO 80181 [egg-schedule]: register schedule /Users/lixiao/Desktop/pwademo/node_modules/egg-logrotator/app/schedule/clean_log.js
2019-03-25 13:40:30,441 INFO 80181 [egg-schedule]: register schedule /Users/lixiao/Desktop/pwademo/node_modules/egg-logrotator/app/schedule/rotate_by_file.js
2019-03-25 13:40:41,486 INFO 80182 [egg-schedule]: register schedule /Users/lixiao/Desktop/pwademo/node_modules/egg-logrotator/app/schedule/clean_log.js
2019-03-25 13:40:41,487 INFO 80182 [egg-schedule]: register schedule /Users/lixiao/Desktop/pwademo/node_modules/egg-logrotator/app/schedule/rotate_by_file.js
2019-03-25 13:42:33,721 INFO 80200 [Timer] /Users/lixiao/Desktop/pwademo/node_modules/egg-logrotator/app/schedule/clean_log.js next time will execute after 37046282ms at 2019-03-26 00:00:00.003
2019-03-25 13:42:33,721 INFO 80200 [Timer] /Users/lixiao/Desktop/pwademo/node_modules/egg-logrotator/app/schedule/rotate_by_file.js next time will execute after 37047279ms at 2019-03-26 00:00:01.000
2019-03-25 13:42:33,467 INFO 80201 [egg-schedule]: register schedule /Users/lixiao/Desktop/pwademo/node_modules/egg-logrotator/app/schedule/clean_log.js
2019-03-25 13:42:33,467 INFO 80201 [egg-schedule]: register schedule /Users/lixiao/Desktop/pwademo/node_modules/egg-logrotator/app/schedule/rotate_by_file.js
2019-03-25 13:47:27,932 INFO 80226 [Timer] /Users/lixiao/Desktop/pwademo/node_modules/egg-logrotator/app/schedule/clean_log.js next time will execute after 36752071ms at 2019-03-26 00:00:00.003
2019-03-25 13:47:27,932 INFO 80226 [Timer] /Users/lixiao/Desktop/pwademo/node_modules/egg-logrotator/app/schedule/rotate_by_file.js next time will execute after 36753068ms at 2019-03-26 00:00:01.000
2019-03-25 13:47:27,587 INFO 80227 [egg-schedule]: register schedule /Users/lixiao/Desktop/pwademo/node_modules/egg-logrotator/app/schedule/clean_log.js
2019-03-25 13:47:27,587 INFO 80227 [egg-schedule]: register schedule /Users/lixiao/Desktop/pwademo/node_modules/egg-logrotator/app/schedule/rotate_by_file.js
2019-03-25 13:49:05,598 INFO 80237 [Timer] /Users/lixiao/Desktop/pwademo/node_modules/egg-logrotator/app/schedule/clean_log.js next time will execute after 36654405ms at 2019-03-26 00:00:00.003
2019-03-25 13:49:05,599 INFO 80237 [Timer] /Users/lixiao/Desktop/pwademo/node_modules/egg-logrotator/app/schedule/rotate_by_file.js next time will execute after 36655401ms at 2019-03-26 00:00:01.000
2019-03-25 13:49:05,371 INFO 80238 [egg-schedule]: register schedule /Users/lixiao/Desktop/pwademo/node_modules/egg-logrotator/app/schedule/clean_log.js
2019-03-25 13:49:05,371 INFO 80238 [egg-schedule]: register schedule /Users/lixiao/Desktop/pwademo/node_modules/egg-logrotator/app/schedule/rotate_by_file.js
2019-03-25 13:55:02,538 INFO 80274 [Timer] /Users/lixiao/Desktop/pwademo/node_modules/egg-logrotator/app/schedule/clean_log.js next time will execute after 36297464ms at 2019-03-26 00:00:00.002
2019-03-25 13:55:02,539 INFO 80274 [Timer] /Users/lixiao/Desktop/pwademo/node_modules/egg-logrotator/app/schedule/rotate_by_file.js next time will execute after 36298461ms at 2019-03-26 00:00:01.000
2019-03-25 13:55:02,329 INFO 80275 [egg-schedule]: register schedule /Users/lixiao/Desktop/pwademo/node_modules/egg-logrotator/app/schedule/clean_log.js
2019-03-25 13:55:02,329 INFO 80275 [egg-schedule]: register schedule /Users/lixiao/Desktop/pwademo/node_modules/egg-logrotator/app/schedule/rotate_by_file.js
2019-03-25 14:07:30,738 INFO 80340 [egg-schedule]: register schedule /Users/lixiao/Desktop/pwademo/node_modules/egg-logrotator/app/schedule/clean_log.js
2019-03-25 14:07:30,738 INFO 80340 [egg-schedule]: register schedule /Users/lixiao/Desktop/pwademo/node_modules/egg-logrotator/app/schedule/rotate_by_file.js
2019-03-25 14:07:46,521 INFO 80341 [egg-schedule]: register schedule /Users/lixiao/Desktop/pwademo/node_modules/egg-logrotator/app/schedule/clean_log.js
2019-03-25 14:07:46,521 INFO 80341 [egg-schedule]: register schedule /Users/lixiao/Desktop/pwademo/node_modules/egg-logrotator/app/schedule/rotate_by_file.js
2019-03-25 14:12:56,257 INFO 80374 [egg-schedule]: register schedule /Users/lixiao/Desktop/pwademo/node_modules/egg-logrotator/app/schedule/clean_log.js
2019-03-25 14:12:56,257 INFO 80374 [egg-schedule]: register schedule /Users/lixiao/Desktop/pwademo/node_modules/egg-logrotator/app/schedule/rotate_by_file.js
2019-03-25 14:13:15,804 INFO 80375 [egg-schedule]: register schedule /Users/lixiao/Desktop/pwademo/node_modules/egg-logrotator/app/schedule/clean_log.js
2019-03-25 14:13:15,804 INFO 80375 [egg-schedule]: register schedule /Users/lixiao/Desktop/pwademo/node_modules/egg-logrotator/app/schedule/rotate_by_file.js
2019-03-25 14:14:52,535 INFO 80376 [egg-schedule]: register schedule /Users/lixiao/Desktop/pwademo/node_modules/egg-logrotator/app/schedule/clean_log.js
2019-03-25 14:14:52,535 INFO 80376 [egg-schedule]: register schedule /Users/lixiao/Desktop/pwademo/node_modules/egg-logrotator/app/schedule/rotate_by_file.js
2019-03-25 14:14:56,511 INFO 80377 [egg-schedule]: register schedule /Users/lixiao/Desktop/pwademo/node_modules/egg-logrotator/app/schedule/clean_log.js
2019-03-25 14:14:56,512 INFO 80377 [egg-schedule]: register schedule /Users/lixiao/Desktop/pwademo/node_modules/egg-logrotator/app/schedule/rotate_by_file.js
2019-03-25 14:14:59,399 INFO 80378 [egg-schedule]: register schedule /Users/lixiao/Desktop/pwademo/node_modules/egg-logrotator/app/schedule/clean_log.js
2019-03-25 14:14:59,400 INFO 80378 [egg-schedule]: register schedule /Users/lixiao/Desktop/pwademo/node_modules/egg-logrotator/app/schedule/rotate_by_file.js
2019-03-25 14:15:01,400 INFO 80379 [egg-schedule]: register schedule /Users/lixiao/Desktop/pwademo/node_modules/egg-logrotator/app/schedule/clean_log.js
2019-03-25 14:15:01,400 INFO 80379 [egg-schedule]: register schedule /Users/lixiao/Desktop/pwademo/node_modules/egg-logrotator/app/schedule/rotate_by_file.js
2019-03-25 14:17:02,497 INFO 80393 [egg-schedule]: register schedule /Users/lixiao/Desktop/pwademo/node_modules/egg-logrotator/app/schedule/clean_log.js
2019-03-25 14:17:02,497 INFO 80393 [egg-schedule]: register schedule /Users/lixiao/Desktop/pwademo/node_modules/egg-logrotator/app/schedule/rotate_by_file.js
2019-03-25 14:18:47,624 INFO 80412 [egg-schedule]: register schedule /Users/lixiao/Desktop/pwademo/node_modules/egg-logrotator/app/schedule/clean_log.js
2019-03-25 14:18:47,624 INFO 80412 [egg-schedule]: register schedule /Users/lixiao/Desktop/pwademo/node_modules/egg-logrotator/app/schedule/rotate_by_file.js
2019-03-25 14:18:51,633 INFO 80413 [egg-schedule]: register schedule /Users/lixiao/Desktop/pwademo/node_modules/egg-logrotator/app/schedule/clean_log.js
2019-03-25 14:18:51,633 INFO 80413 [egg-schedule]: register schedule /Users/lixiao/Desktop/pwademo/node_modules/egg-logrotator/app/schedule/rotate_by_file.js
2019-03-25 14:22:10,385 INFO 80440 [Timer] /Users/lixiao/Desktop/pwademo/node_modules/egg-logrotator/app/schedule/clean_log.js next time will execute after 34669618ms at 2019-03-26 00:00:00.003
2019-03-25 14:22:10,385 INFO 80440 [Timer] /Users/lixiao/Desktop/pwademo/node_modules/egg-logrotator/app/schedule/rotate_by_file.js next time will execute after 34670615ms at 2019-03-26 00:00:01.000
2019-03-25 14:22:10,118 INFO 80441 [egg-schedule]: register schedule /Users/lixiao/Desktop/pwademo/node_modules/egg-logrotator/app/schedule/clean_log.js
2019-03-25 14:22:10,118 INFO 80441 [egg-schedule]: register schedule /Users/lixiao/Desktop/pwademo/node_modules/egg-logrotator/app/schedule/rotate_by_file.js
2019-03-25 14:23:07,994 INFO 80447 [egg-schedule]: register schedule /Users/lixiao/Desktop/pwademo/node_modules/egg-logrotator/app/schedule/clean_log.js
2019-03-25 14:23:07,994 INFO 80447 [egg-schedule]: register schedule /Users/lixiao/Desktop/pwademo/node_modules/egg-logrotator/app/schedule/rotate_by_file.js
2019-03-25 14:23:12,449 INFO 80448 [egg-schedule]: register schedule /Users/lixiao/Desktop/pwademo/node_modules/egg-logrotator/app/schedule/clean_log.js
2019-03-25 14:23:12,450 INFO 80448 [egg-schedule]: register schedule /Users/lixiao/Desktop/pwademo/node_modules/egg-logrotator/app/schedule/rotate_by_file.js
2019-03-25 14:26:38,697 INFO 80462 [egg-schedule]: register schedule /Users/lixiao/Desktop/pwademo/node_modules/egg-logrotator/app/schedule/clean_log.js
2019-03-25 14:26:38,697 INFO 80462 [egg-schedule]: register schedule /Users/lixiao/Desktop/pwademo/node_modules/egg-logrotator/app/schedule/rotate_by_file.js
2019-03-25 14:27:02,222 INFO 80463 [egg-schedule]: register schedule /Users/lixiao/Desktop/pwademo/node_modules/egg-logrotator/app/schedule/clean_log.js
2019-03-25 14:27:02,222 INFO 80463 [egg-schedule]: register schedule /Users/lixiao/Desktop/pwademo/node_modules/egg-logrotator/app/schedule/rotate_by_file.js
